
Showing logs for build [32mcb-kubecd-bdd-spring-1587400579-rrv7z-1[0m stage [32mfrom-build-pack[0m and container [32mstep-credential-initializer-xf4zg[0m
{"level":"info","ts":1587401272.968793,"logger":"fallback-logger","caller":"logging/config.go:69","msg":"Fetch GitHub commit ID from kodata failed: open /var/run/ko/refs/heads/0.8.0-ns-support: no such file or directory"}
{"level":"info","ts":1587401272.9694026,"logger":"fallback-logger","caller":"creds-init/main.go:40","msg":"Credentials initialized."}

Showing logs for build [32mcb-kubecd-bdd-spring-1587400579-rrv7z-1[0m stage [32mfrom-build-pack[0m and container [32mstep-working-dir-initializer-dd86w[0m
{"level":"info","ts":1587401274.211095,"logger":"fallback-logger","caller":"logging/config.go:69","msg":"Fetch GitHub commit ID from kodata failed: open /var/run/ko/HEAD: no such file or directory"}
{"level":"info","ts":1587401274.2184494,"logger":"fallback-logger","caller":"bash/main.go:64","msg":"Successfully executed command \"sh -c mkdir -p /workspace/source\"; output "}

Showing logs for build [32mcb-kubecd-bdd-spring-1587400579-rrv7z-1[0m stage [32mfrom-build-pack[0m and container [32mstep-place-tools[0m

Showing logs for build [32mcb-kubecd-bdd-spring-1587400579-rrv7z-1[0m stage [32mfrom-build-pack[0m and container [32mstep-git-source-cb-kubecd-bdd-spring-1587400579-rrv7z-m62pb[0m
{"level":"info","ts":1587401285.3080323,"logger":"fallback-logger","caller":"logging/config.go:69","msg":"Fetch GitHub commit ID from kodata failed: open /var/run/ko/refs/heads/0.8.0-ns-support: no such file or directory"}
{"level":"info","ts":1587401286.4935772,"logger":"fallback-logger","caller":"git/git.go:103","msg":"Successfully cloned https://github.com/cb-kubecd/bdd-spring-1587400579.git @ master in path /workspace/source"}

Showing logs for build [32mcb-kubecd-bdd-spring-1587400579-rrv7z-1[0m stage [32mfrom-build-pack[0m and container [32mstep-git-merge[0m
Using SHAs from PULL_REFS=master:e20dff0ded6eca7fa87244a042ae828b431882c9,1:f7c88d5bf2645b0443a4e9b8b06f9369b2a05c76
DEBUG: LC_ALL=C JX_LOG_LEVEL=error git fetch origin --unshallow f7c88d5bf2645b0443a4e9b8b06f9369b2a05c76: e20dff0ded6eca7fa87244a042ae828b431882c9:
DEBUG: ran git fetch --unshallow origin f7c88d5bf2645b0443a4e9b8b06f9369b2a05c76: e20dff0ded6eca7fa87244a042ae828b431882c9: in 
DEBUG: LC_ALL=C JX_LOG_LEVEL=error git branch
DEBUG: LC_ALL=C JX_LOG_LEVEL=error git checkout master
DEBUG: ran git checkout master in 
DEBUG: LC_ALL=C JX_LOG_LEVEL=error git reset --hard e20dff0ded6eca7fa87244a042ae828b431882c9
DEBUG: ran git reset --hard e20dff0ded6eca7fa87244a042ae828b431882c9 in 
DEBUG: LC_ALL=C JX_LOG_LEVEL=error git clean -fd .
DEBUG: ran clean --force -d . in 
DEBUG: JX_LOG_LEVEL=error LC_ALL=C git merge f7c88d5bf2645b0443a4e9b8b06f9369b2a05c76
DEBUG: ran git merge f7c88d5bf2645b0443a4e9b8b06f9369b2a05c76 in 
DEBUG: LC_ALL=C JX_LOG_LEVEL=error git log --format=%H%x1f%an%x1f%ae%x1f%cn%x1f%ce%x1f%s%n%b%x1e e20dff0ded6eca7fa87244a042ae828b431882c9..HEAD
Merged SHA f7c88d5bf2645b0443a4e9b8b06f9369b2a05c76 with commit message 'My first PR commit' into base branch master

Showing logs for build [32mcb-kubecd-bdd-spring-1587400579-rrv7z-1[0m stage [32mfrom-build-pack[0m and container [32mstep-build-set-version[0m
Picked up _JAVA_OPTIONS: -XX:+UnlockExperimentalVMOptions -XX:+UseCGroupMemoryLimitForHeap -Dsun.zip.disableMemoryMapping=true -XX:+UseParallelGC -XX:MinHeapFreeRatio=5 -XX:MaxHeapFreeRatio=10 -XX:GCTimeRatio=4 -XX:AdaptiveSizePolicyWeight=90 -Xms10m -Xmx192m
OpenJDK 64-Bit Server VM warning: If the number of processors is expected to increase from one, then you should configure the number of parallel GC threads appropriately using -XX:ParallelGCThreads=N
[INFO] Scanning for projects...
[INFO] 
[INFO] -----------------< com.example:bdd-spring-1587400579 >------------------
[INFO] Building demo 0.0.1-SNAPSHOT
[INFO] --------------------------------[ jar ]---------------------------------
[INFO] 
[INFO] --- versions-maven-plugin:2.7:set (default-cli) @ bdd-spring-1587400579 ---
[INFO] Searching for local aggregator root...
[INFO] Local aggregation root: /workspace/source
[INFO] Processing change of com.example:bdd-spring-1587400579:0.0.1-SNAPSHOT -> 0.0.0-SNAPSHOT-PR-1-1
[INFO] Processing com.example:bdd-spring-1587400579
[INFO]     Updating project com.example:bdd-spring-1587400579
[INFO]         from version 0.0.1-SNAPSHOT to 0.0.0-SNAPSHOT-PR-1-1
[INFO] 
[INFO] ------------------------------------------------------------------------
[INFO] BUILD SUCCESS
[INFO] ------------------------------------------------------------------------
[INFO] Total time:  17.409 s
[INFO] Finished at: 2020-04-20T16:48:29Z
[INFO] ------------------------------------------------------------------------

Showing logs for build [32mcb-kubecd-bdd-spring-1587400579-rrv7z-1[0m stage [32mfrom-build-pack[0m and container [32mstep-build-mvn-install[0m
Picked up _JAVA_OPTIONS: -XX:+UnlockExperimentalVMOptions -XX:+UseCGroupMemoryLimitForHeap -Dsun.zip.disableMemoryMapping=true -XX:+UseParallelGC -XX:MinHeapFreeRatio=5 -XX:MaxHeapFreeRatio=10 -XX:GCTimeRatio=4 -XX:AdaptiveSizePolicyWeight=90 -Xms10m -Xmx192m
OpenJDK 64-Bit Server VM warning: If the number of processors is expected to increase from one, then you should configure the number of parallel GC threads appropriately using -XX:ParallelGCThreads=N
[INFO] Scanning for projects...
[INFO] 
[INFO] -----------------< com.example:bdd-spring-1587400579 >------------------
[INFO] Building demo 0.0.0-SNAPSHOT-PR-1-1
[INFO] --------------------------------[ jar ]---------------------------------
[INFO] 
[INFO] --- maven-resources-plugin:3.1.0:resources (default-resources) @ bdd-spring-1587400579 ---
[INFO] Using 'UTF-8' encoding to copy filtered resources.
[INFO] Copying 1 resource
[INFO] Copying 0 resource
[INFO] 
[INFO] --- maven-compiler-plugin:3.8.1:compile (default-compile) @ bdd-spring-1587400579 ---
[INFO] Changes detected - recompiling the module!
[INFO] Compiling 1 source file to /workspace/source/target/classes
[INFO] 
[INFO] --- maven-resources-plugin:3.1.0:testResources (default-testResources) @ bdd-spring-1587400579 ---
[INFO] Using 'UTF-8' encoding to copy filtered resources.
[INFO] skip non existing resourceDirectory /workspace/source/src/test/resources
[INFO] 
[INFO] --- maven-compiler-plugin:3.8.1:testCompile (default-testCompile) @ bdd-spring-1587400579 ---
[INFO] Changes detected - recompiling the module!
[INFO] Compiling 1 source file to /workspace/source/target/test-classes
[INFO] 
[INFO] --- maven-surefire-plugin:3.0.0-M1:test (default-test) @ bdd-spring-1587400579 ---
[INFO] 
[INFO] -------------------------------------------------------
[INFO]  T E S T S
[INFO] -------------------------------------------------------
[INFO] Running com.example.bddspring1587400579.DemoApplicationTests
16:48:52.812 [main] DEBUG org.springframework.test.context.BootstrapUtils - Instantiating CacheAwareContextLoaderDelegate from class [org.springframework.test.context.cache.DefaultCacheAwareContextLoaderDelegate]
16:48:52.907 [main] DEBUG org.springframework.test.context.BootstrapUtils - Instantiating BootstrapContext using constructor [public org.springframework.test.context.support.DefaultBootstrapContext(java.lang.Class,org.springframework.test.context.CacheAwareContextLoaderDelegate)]
16:48:53.081 [main] DEBUG org.springframework.test.context.BootstrapUtils - Instantiating TestContextBootstrapper for test class [com.example.bddspring1587400579.DemoApplicationTests] from class [org.springframework.boot.test.context.SpringBootTestContextBootstrapper]
16:48:53.124 [main] INFO org.springframework.boot.test.context.SpringBootTestContextBootstrapper - Neither @ContextConfiguration nor @ContextHierarchy found for test class [com.example.bddspring1587400579.DemoApplicationTests], using SpringBootContextLoader
16:48:53.172 [main] DEBUG org.springframework.test.context.support.AbstractContextLoader - Did not detect default resource location for test class [com.example.bddspring1587400579.DemoApplicationTests]: class path resource [com/example/bddspring1587400579/DemoApplicationTests-context.xml] does not exist
16:48:53.173 [main] DEBUG org.springframework.test.context.support.AbstractContextLoader - Did not detect default resource location for test class [com.example.bddspring1587400579.DemoApplicationTests]: class path resource [com/example/bddspring1587400579/DemoApplicationTestsContext.groovy] does not exist
16:48:53.174 [main] INFO org.springframework.test.context.support.AbstractContextLoader - Could not detect default resource locations for test class [com.example.bddspring1587400579.DemoApplicationTests]: no resource found for suffixes {-context.xml, Context.groovy}.
16:48:53.192 [main] INFO org.springframework.test.context.support.AnnotationConfigContextLoaderUtils - Could not detect default configuration classes for test class [com.example.bddspring1587400579.DemoApplicationTests]: DemoApplicationTests does not declare any static, non-private, non-final, nested classes annotated with @Configuration.
16:48:53.298 [main] DEBUG org.springframework.test.context.support.ActiveProfilesUtils - Could not find an 'annotation declaring class' for annotation type [org.springframework.test.context.ActiveProfiles] and class [com.example.bddspring1587400579.DemoApplicationTests]
16:48:53.425 [main] DEBUG org.springframework.context.annotation.ClassPathScanningCandidateComponentProvider - Identified candidate component class: file [/workspace/source/target/classes/com/example/bddspring1587400579/DemoApplication.class]
16:48:53.432 [main] INFO org.springframework.boot.test.context.SpringBootTestContextBootstrapper - Found @SpringBootConfiguration com.example.bddspring1587400579.DemoApplication for test class com.example.bddspring1587400579.DemoApplicationTests
16:48:53.700 [main] DEBUG org.springframework.boot.test.context.SpringBootTestContextBootstrapper - @TestExecutionListeners is not present for class [com.example.bddspring1587400579.DemoApplicationTests]: using defaults.
16:48:53.702 [main] INFO org.springframework.boot.test.context.SpringBootTestContextBootstrapper - Loaded default TestExecutionListener class names from location [META-INF/spring.factories]: [org.springframework.boot.test.mock.mockito.MockitoTestExecutionListener, org.springframework.boot.test.mock.mockito.ResetMocksTestExecutionListener, org.springframework.boot.test.autoconfigure.restdocs.RestDocsTestExecutionListener, org.springframework.boot.test.autoconfigure.web.client.MockRestServiceServerResetTestExecutionListener, org.springframework.boot.test.autoconfigure.web.servlet.MockMvcPrintOnlyOnFailureTestExecutionListener, org.springframework.boot.test.autoconfigure.web.servlet.WebDriverTestExecutionListener, org.springframework.test.context.web.ServletTestExecutionListener, org.springframework.test.context.support.DirtiesContextBeforeModesTestExecutionListener, org.springframework.test.context.support.DependencyInjectionTestExecutionListener, org.springframework.test.context.support.DirtiesContextTestExecutionListener, org.springframework.test.context.transaction.TransactionalTestExecutionListener, org.springframework.test.context.jdbc.SqlScriptsTestExecutionListener, org.springframework.test.context.event.EventPublishingTestExecutionListener]
16:48:53.734 [main] DEBUG org.springframework.boot.test.context.SpringBootTestContextBootstrapper - Skipping candidate TestExecutionListener [org.springframework.test.context.transaction.TransactionalTestExecutionListener] due to a missing dependency. Specify custom listener classes or make the default listener classes and their required dependencies available. Offending class: [org/springframework/transaction/TransactionDefinition]
16:48:53.737 [main] DEBUG org.springframework.boot.test.context.SpringBootTestContextBootstrapper - Skipping candidate TestExecutionListener [org.springframework.test.context.jdbc.SqlScriptsTestExecutionListener] due to a missing dependency. Specify custom listener classes or make the default listener classes and their required dependencies available. Offending class: [org/springframework/transaction/interceptor/TransactionAttribute]
16:48:53.739 [main] INFO org.springframework.boot.test.context.SpringBootTestContextBootstrapper - Using TestExecutionListeners: [org.springframework.test.context.web.ServletTestExecutionListener@169e6180, org.springframework.test.context.support.DirtiesContextBeforeModesTestExecutionListener@35aea049, org.springframework.boot.test.mock.mockito.MockitoTestExecutionListener@7205765b, org.springframework.boot.test.autoconfigure.SpringBootDependencyInjectionTestExecutionListener@47987356, org.springframework.test.context.support.DirtiesContextTestExecutionListener@22ef9844, org.springframework.test.context.event.EventPublishingTestExecutionListener@6283d8b8, org.springframework.boot.test.mock.mockito.ResetMocksTestExecutionListener@3b6ddd1d, org.springframework.boot.test.autoconfigure.restdocs.RestDocsTestExecutionListener@3f6b0be5, org.springframework.boot.test.autoconfigure.web.client.MockRestServiceServerResetTestExecutionListener@611889f4, org.springframework.boot.test.autoconfigure.web.servlet.MockMvcPrintOnlyOnFailureTestExecutionListener@1da2cb77, org.springframework.boot.test.autoconfigure.web.servlet.WebDriverTestExecutionListener@48f278eb]
16:48:53.776 [main] DEBUG org.springframework.test.context.support.AbstractDirtiesContextTestExecutionListener - Before test class: context [DefaultTestContext@5d7148e2 testClass = DemoApplicationTests, testInstance = [null], testMethod = [null], testException = [null], mergedContextConfiguration = [WebMergedContextConfiguration@25fb8912 testClass = DemoApplicationTests, locations = '{}', classes = '{class com.example.bddspring1587400579.DemoApplication}', contextInitializerClasses = '[]', activeProfiles = '{}', propertySourceLocations = '{}', propertySourceProperties = '{org.springframework.boot.test.context.SpringBootTestContextBootstrapper=true}', contextCustomizers = set[org.springframework.boot.test.context.filter.ExcludeFilterContextCustomizer@1677d1, org.springframework.boot.test.json.DuplicateJsonObjectContextCustomizerFactory$DuplicateJsonObjectContextCustomizer@5e316c74, org.springframework.boot.test.mock.mockito.MockitoContextCustomizer@0, org.springframework.boot.test.web.client.TestRestTemplateContextCustomizer@65466a6a, org.springframework.boot.test.autoconfigure.properties.PropertyMappingContextCustomizer@0, org.springframework.boot.test.autoconfigure.web.servlet.WebDriverContextCustomizerFactory$Customizer@659a969b], resourceBasePath = 'src/main/webapp', contextLoader = 'org.springframework.boot.test.context.SpringBootContextLoader', parent = [null]], attributes = map['org.springframework.test.context.web.ServletTestExecutionListener.activateListener' -> true]], class annotated with @DirtiesContext [false] with mode [null].
16:48:53.828 [main] DEBUG org.springframework.test.context.support.TestPropertySourceUtils - Adding inlined properties to environment: {spring.jmx.enabled=false, org.springframework.boot.test.context.SpringBootTestContextBootstrapper=true, server.port=-1}

  .   ____          _            __ _ _
 /\\ / ___'_ __ _ _(_)_ __  __ _ \ \ \ \
( ( )\___ | '_ | '_| | '_ \/ _` | \ \ \ \
 \\/  ___)| |_)| | | | | || (_| |  ) ) ) )
  '  |____| .__|_| |_|_| |_\__, | / / / /
 =========|_|==============|___/=/_/_/_/
 :: Spring Boot ::        (v2.2.6.RELEASE)

2020-04-20 16:48:54.576  INFO 63 --- [           main] c.e.b.DemoApplicationTests               : Starting DemoApplicationTests on cb-kubecd-bdd-spring-1587400579-rrv7z-1-from-build-pack-9hjhl-p with PID 63 (started by root in /workspace/source)
2020-04-20 16:48:54.588  INFO 63 --- [           main] c.e.b.DemoApplicationTests               : No active profile set, falling back to default profiles: default
2020-04-20 16:49:01.992  INFO 63 --- [           main] o.s.s.concurrent.ThreadPoolTaskExecutor  : Initializing ExecutorService 'applicationTaskExecutor'
2020-04-20 16:49:03.980  INFO 63 --- [           main] o.s.b.a.e.web.EndpointLinksResolver      : Exposing 2 endpoint(s) beneath base path '/actuator'
2020-04-20 16:49:04.375  INFO 63 --- [           main] c.e.b.DemoApplicationTests               : Started DemoApplicationTests in 10.495 seconds (JVM running for 13.458)
[INFO] Tests run: 1, Failures: 0, Errors: 0, Skipped: 0, Time elapsed: 12.523 s - in com.example.bddspring1587400579.DemoApplicationTests
2020-04-20 16:49:05.183  INFO 63 --- [extShutdownHook] o.s.s.concurrent.ThreadPoolTaskExecutor  : Shutting down ExecutorService 'applicationTaskExecutor'
[INFO] 
[INFO] Results:
[INFO] 
[INFO] Tests run: 1, Failures: 0, Errors: 0, Skipped: 0
[INFO] 
[INFO] 
[INFO] --- maven-jar-plugin:3.1.2:jar (default-jar) @ bdd-spring-1587400579 ---
[INFO] Building jar: /workspace/source/target/bdd-spring-1587400579-0.0.0-SNAPSHOT-PR-1-1.jar
[INFO] 
[INFO] --- spring-boot-maven-plugin:2.2.6.RELEASE:repackage (repackage) @ bdd-spring-1587400579 ---
[INFO] Replacing main artifact with repackaged archive
[INFO] 
[INFO] --- maven-install-plugin:2.5.2:install (default-install) @ bdd-spring-1587400579 ---
[INFO] Installing /workspace/source/target/bdd-spring-1587400579-0.0.0-SNAPSHOT-PR-1-1.jar to /home/jenkins/.mvnrepository/com/example/bdd-spring-1587400579/0.0.0-SNAPSHOT-PR-1-1/bdd-spring-1587400579-0.0.0-SNAPSHOT-PR-1-1.jar
[INFO] Installing /workspace/source/pom.xml to /home/jenkins/.mvnrepository/com/example/bdd-spring-1587400579/0.0.0-SNAPSHOT-PR-1-1/bdd-spring-1587400579-0.0.0-SNAPSHOT-PR-1-1.pom
[INFO] ------------------------------------------------------------------------
[INFO] BUILD SUCCESS
[INFO] ------------------------------------------------------------------------
[INFO] Total time:  36.599 s
[INFO] Finished at: 2020-04-20T16:49:10Z
[INFO] ------------------------------------------------------------------------

Showing logs for build [32mcb-kubecd-bdd-spring-1587400579-rrv7z-1[0m stage [32mfrom-build-pack[0m and container [32mstep-build-skaffold-version[0m
v1.0.1

Showing logs for build [32mcb-kubecd-bdd-spring-1587400579-rrv7z-1[0m stage [32mfrom-build-pack[0m and container [32mstep-build-container-build[0m
[36mINFO[0m[0000] Resolved base name openjdk:8-jdk-slim to openjdk:8-jdk-slim 
[36mINFO[0m[0000] Using dockerignore file: /workspace/source/.dockerignore 
[36mINFO[0m[0000] Resolved base name openjdk:8-jdk-slim to openjdk:8-jdk-slim 
[36mINFO[0m[0000] Retrieving image manifest openjdk:8-jdk-slim 
ERROR: logging before flag.Parse: E0420 16:49:11.523826       9 metadata.go:142] while reading 'google-dockercfg' metadata: http status code: 404 while fetching url http://metadata.google.internal./computeMetadata/v1/instance/attributes/google-dockercfg
ERROR: logging before flag.Parse: E0420 16:49:11.527335       9 metadata.go:159] while reading 'google-dockercfg-url' metadata: http status code: 404 while fetching url http://metadata.google.internal./computeMetadata/v1/instance/attributes/google-dockercfg-url
[36mINFO[0m[0001] Retrieving image manifest openjdk:8-jdk-slim 
[36mINFO[0m[0002] Built cross stage deps: map[]                
[36mINFO[0m[0002] Retrieving image manifest openjdk:8-jdk-slim 
[36mINFO[0m[0003] Retrieving image manifest openjdk:8-jdk-slim 
[36mINFO[0m[0004] cmd: EXPOSE                                  
[36mINFO[0m[0004] Adding exposed port: 8080/tcp                
[36mINFO[0m[0004] Resolving srcs [pom.xml target/lib*]...      
end of resolve sources
[36mINFO[0m[0004] Checking for cached layer gcr.io/jenkins-x-bdd3/cache:aab207e5bc565bfcca88a1f6188a084ae43a503e33ff4adbc3a343125c9f4556... 
[36mINFO[0m[0004] No cached layer found for cmd COPY pom.xml target/lib* /opt/lib/ 
[36mINFO[0m[0004] Resolving srcs [target/*.jar]...             
end of resolve sources
[36mINFO[0m[0004] Unpacking rootfs as cmd COPY pom.xml target/lib* /opt/lib/ requires it. 
[36mINFO[0m[0011] Taking snapshot of full filesystem...        
[36mINFO[0m[0013] Resolving paths                              
[36mINFO[0m[0014] ENV PORT 8080                                
[36mINFO[0m[0014] No files changed in this command, skipping snapshotting. 
[36mINFO[0m[0014] ENV CLASSPATH /opt/lib                       
[36mINFO[0m[0014] No files changed in this command, skipping snapshotting. 
[36mINFO[0m[0014] EXPOSE 8080                                  
[36mINFO[0m[0014] cmd: EXPOSE                                  
[36mINFO[0m[0014] Adding exposed port: 8080/tcp                
[36mINFO[0m[0014] No files changed in this command, skipping snapshotting. 
[36mINFO[0m[0014] Resolving srcs [pom.xml target/lib*]...      
end of resolve sources
[36mINFO[0m[0014] COPY pom.xml target/lib* /opt/lib/           
[36mINFO[0m[0014] Resolving srcs [pom.xml target/lib*]...      
end of resolve sources
[36mINFO[0m[0014] Resolving paths                              
[36mINFO[0m[0014] Taking snapshot of files...                  
[36mINFO[0m[0014] Pushing layer gcr.io/jenkins-x-bdd3/cache:aab207e5bc565bfcca88a1f6188a084ae43a503e33ff4adbc3a343125c9f4556 to cache now 
[36mINFO[0m[0014] Resolving srcs [target/*.jar]...             
end of resolve sources
[36mINFO[0m[0014] COPY target/*.jar /opt/app.jar               
[36mINFO[0m[0014] Resolving srcs [target/*.jar]...             
end of resolve sources
[36mINFO[0m[0014] Resolving paths                              
[36mINFO[0m[0014] Taking snapshot of files...                  
[36mINFO[0m[0015] WORKDIR /opt                                 
[36mINFO[0m[0015] cmd: workdir                                 
[36mINFO[0m[0015] Changed working directory to /opt            
[36mINFO[0m[0015] No files changed in this command, skipping snapshotting. 
[36mINFO[0m[0015] CMD ["java", "-XX:+UnlockExperimentalVMOptions", "-XX:+UseCGroupMemoryLimitForHeap", "-jar", "app.jar"] 
[36mINFO[0m[0015] No files changed in this command, skipping snapshotting. 
[36mINFO[0m[0015] Pushing layer gcr.io/jenkins-x-bdd3/cache:de6d97c89edc80ba98ce813130689bca621ba2ff3513a250f88ae88b756f82b5 to cache now 

Showing logs for build [32mcb-kubecd-bdd-spring-1587400579-rrv7z-1[0m stage [32mfrom-build-pack[0m and container [32mstep-postbuild-post-build[0m
no CVE provider running in the current ** namespace so skip adding image to be analysed

Showing logs for build [32mcb-kubecd-bdd-spring-1587400579-rrv7z-1[0m stage [32mfrom-build-pack[0m and container [32mstep-promote-make-preview[0m
sed -i -e "s/version:.*/version: 0.0.0-SNAPSHOT-PR-1-1/" Chart.yaml
sed -i -e "s/version:.*/version: 0.0.0-SNAPSHOT-PR-1-1/" ../*/Chart.yaml
sed -i -e "s|repository:.*|repository: gcr.io\/jenkins-x-bdd3\/bdd-spring-1587400579|" values.yaml
sed -i -e "s/tag:.*/tag: 0.0.0-SNAPSHOT-PR-1-1/" values.yaml
echo "  version: 0.0.0-SNAPSHOT-PR-1-1" >> requirements.yaml
** step helm build
WARNING: No $CHART_REPOSITORY defined so using the default value of: http://jenkins-x-chartmuseum:8080
Adding missing Helm repo: storage.googleapis.com https://storage.googleapis.com/chartmuseum.jenkins-x.io
WARNING: No secrets found on "helm/repos" due: reading the secret "helm/repos" from vault: no secret "helm/repos" not found in vault
Read credentials for https://storage.googleapis.com/chartmuseum.jenkins-x.io from vault helm/repos
Successfully added Helm repository storage.googleapis.com.
Adding missing Helm repo: jenkins-x-chartmuseum http://jenkins-x-chartmuseum:8080
WARNING: No secrets found on "helm/repos" due: reading the secret "helm/repos" from vault: no secret "helm/repos" not found in vault
Read credentials for http://jenkins-x-chartmuseum:8080 from vault helm/repos
Successfully added Helm repository jenkins-x-chartmuseum.
WARNING: No $CHART_REPOSITORY defined so using the default value of: http://jenkins-x-chartmuseum:8080
Adding missing Helm repo: chartmuseum.jenkins-x.io http://chartmuseum.jenkins-x.io
WARNING: No secrets found on "helm/repos" due: reading the secret "helm/repos" from vault: no secret "helm/repos" not found in vault
Read credentials for http://chartmuseum.jenkins-x.io from vault helm/repos
Successfully added Helm repository chartmuseum.jenkins-x.io.

Showing logs for build [32mcb-kubecd-bdd-spring-1587400579-rrv7z-1[0m stage [32mfrom-build-pack[0m and container [32mstep-promote-jx-preview[0m
Creating a preview
Created environment cb-kubecd-bdd-spring-1587400579-pr-1
Namespace **-cb-kubecd-bdd-spring-1587400579-pr-1 created 
expose:
  Annotations:
    helm.sh/hook: post-install,post-upgrade
    helm.sh/hook-delete-policy: hook-succeeded
  config:
    domain: 35.240.64.161.nip.io
    exposer: Ingress
    http: "true"
preview:
  image:
    repository: gcr.io/jenkins-x-bdd3/bdd-spring-1587400579
    tag: 0.0.0-SNAPSHOT-PR-1-1

Updating PipelineActivities cb-kubecd-bdd-spring-1587400579-pr-1-1 which has status Running
WARNING: preview application http://bdd-spring-1587400579.**-cb-kubecd-bdd-spring-1587400579-pr-1.35.240.64.161.nip.io not available, error was 503 503 Service Temporarily Unavailable, delaying for: 958.442479ms
WARNING: preview application http://bdd-spring-1587400579.**-cb-kubecd-bdd-spring-1587400579-pr-1.35.240.64.161.nip.io not available, error was 503 503 Service Temporarily Unavailable, delaying for: 2.018749181s
WARNING: preview application http://bdd-spring-1587400579.**-cb-kubecd-bdd-spring-1587400579-pr-1.35.240.64.161.nip.io not available, error was 503 503 Service Temporarily Unavailable, delaying for: 1.681799867s
WARNING: preview application http://bdd-spring-1587400579.**-cb-kubecd-bdd-spring-1587400579-pr-1.35.240.64.161.nip.io not available, error was 503 503 Service Temporarily Unavailable, delaying for: 4.43608161s
WARNING: preview application http://bdd-spring-1587400579.**-cb-kubecd-bdd-spring-1587400579-pr-1.35.240.64.161.nip.io not available, error was 503 503 Service Temporarily Unavailable, delaying for: 5.261001161s
WARNING: preview application http://bdd-spring-1587400579.**-cb-kubecd-bdd-spring-1587400579-pr-1.35.240.64.161.nip.io not available, error was 503 503 Service Temporarily Unavailable, delaying for: 6.029485438s
WARNING: preview application http://bdd-spring-1587400579.**-cb-kubecd-bdd-spring-1587400579-pr-1.35.240.64.161.nip.io not available, error was 503 503 Service Temporarily Unavailable, delaying for: 9.747724007s
WARNING: preview application http://bdd-spring-1587400579.**-cb-kubecd-bdd-spring-1587400579-pr-1.35.240.64.161.nip.io not available, error was 503 503 Service Temporarily Unavailable, delaying for: 19.270111571s
Preview application is now available at: http://bdd-spring-1587400579.**-cb-kubecd-bdd-spring-1587400579-pr-1.35.240.64.161.nip.io
